Temp/gradleOut/GoogleMobileAdsPlugin/build/outputs/logs/manifest-merger-release-report.txt
-- Merging decision tree log ---
manifest
ADDED from gradleOut/GoogleMobileAdsPlugin/AndroidManifest.xml:2:1-7:12
INJECTED from gradleOut/GoogleMobileAdsPlugin/AndroidManifest.xml:2:1-7:12
INJECTED from gradleOut/GoogleMobileAdsPlugin/AndroidManifest.xml:2:1-7:12
INJECTED from gradleOut/GoogleMobileAdsPlugin/AndroidManifest.xml:2:1-7:12
INJECTED from gradleOut/GoogleMobileAdsPlugin/AndroidManifest.xml:2:1-7:12
INJECTED from gradleOut/GoogleMobileAdsPlugin/AndroidManifest.xml:2:1-7:12
INJECTED from gradleOut/GoogleMobileAdsPlugin/AndroidManifest.xml:2:1-7:12
	package
		ADDED from gradleOut/GoogleMobileAdsPlugin/AndroidManifest.xml:2:70-100
		INJECTED from gradleOut/GoogleMobileAdsPlugin/AndroidManifest.xml
		INJECTED from gradleOut/GoogleMobileAdsPlugin/AndroidManifest.xml
	android:versionName
		ADDED from gradleOut/GoogleMobileAdsPlugin/AndroidManifest.xml:2:101-126
		INJECTED from gradleOut/GoogleMobileAdsPlugin/AndroidManifest.xml
		INJECTED from gradleOut/GoogleMobileAdsPlugin/AndroidManifest.xml
	xmlns:android
		ADDED from gradleOut/GoogleMobileAdsPlugin/AndroidManifest.xml:2:11-69
	android:versionCode
		ADDED from gradleOut/GoogleMobileAdsPlugin/AndroidManifest.xml:2:127-150
		INJECTED from gradleOut/GoogleMobileAdsPlugin/AndroidManifest.xml
		INJECTED from gradleOut/GoogleMobileAdsPlugin/AndroidManifest.xml
application
ADDED from gradleOut/GoogleMobileAdsPlugin/AndroidManifest.xml:3:3-6:17
uses-library#org.apache.http.legacy
ADDED from gradleOut/GoogleMobileAdsPlugin/AndroidManifest.xml:4:5-84
	android:required
		ADDED from gradleOut/GoogleMobileAdsPlugin/AndroidManifest.xml:4:19-43
	android:name
		ADDED from gradleOut/GoogleMobileAdsPlugin/AndroidManifest.xml:4:44-81
meta-data#com.google.android.gms.ads.APPLICATION_ID
ADDED from gradleOut/GoogleMobileAdsPlugin/AndroidManifest.xml:5:5-130
	android:value
		ADDED from gradleOut/GoogleMobileAdsPlugin/AndroidManifest.xml:5:73-127
	android:name
		ADDED from gradleOut/GoogleMobileAdsPlugin/AndroidManifest.xml:5:16-72
uses-sdk
INJECTED from gradleOut/GoogleMobileAdsPlugin/AndroidManifest.xml reason: use-sdk injection requested
INJECTED from gradleOut/GoogleMobileAdsPlugin/AndroidManifest.xml
INJECTED from gradleOut/GoogleMobileAdsPlugin/AndroidManifest.xml
	android:targetSdkVersion
		INJECTED from gradleOut/GoogleMobileAdsPlugin/AndroidManifest.xml
		ADDED from gradleOut/GoogleMobileAdsPlugin/AndroidManifest.xml
		INJECTED from gradleOut/GoogleMobileAdsPlugin/AndroidManifest.xml